2018-11-27 18:30:38.558  INFO 15704 --- [restartedMain] cn.edu.hdu.zhn.medical.AppConfig         : Starting AppConfig on DESKTOP-IN0947U with PID 15704 (G:\practic\java\innovate_class\medical\mgrsite\target\classes started by Maibenben in G:\practic\java\innovate_class\medical\mgrsite)
2018-11-27 18:30:38.575  INFO 15704 --- [restartedMain] cn.edu.hdu.zhn.medical.AppConfig         : No active profile set, falling back to default profiles: default
2018-11-27 18:30:38.774  INFO 15704 --- [restartedMain] .e.DevToolsPropertyDefaultsPostProcessor : Devtools property defaults active! Set 'spring.devtools.add-properties' to 'false' to disable
2018-11-27 18:30:38.775  INFO 15704 --- [restartedMain] .e.DevToolsPropertyDefaultsPostProcessor : For additional web related logging consider setting the 'logging.level.web' property to 'DEBUG'
2018-11-27 18:30:50.299  INFO 15704 --- [restartedMain] o.s.b.w.embedded.tomcat.TomcatWebServer  : Tomcat initialized with port(s): 8080 (http)
2018-11-27 18:30:50.592  INFO 15704 --- [restartedMain] o.apache.catalina.core.StandardService   : Starting service [Tomcat]
2018-11-27 18:30:50.593  INFO 15704 --- [restartedMain] org.apache.catalina.core.StandardEngine  : Starting Servlet Engine: Apache Tomcat/9.0.12
2018-11-27 18:30:50.916  INFO 15704 --- [restartedMain] o.a.catalina.core.AprLifecycleListener   : The APR based Apache Tomcat Native library which allows optimal performance in production environments was not found on the java.library.path: [G:\jdk1.8\Java\jdk1.8.0_151\bin;C:\WINDOWS\Sun\Java\bin;C:\WINDOWS\system32;C:\WINDOWS;G:/jdk1.8/Java/jdk1.8.0_151/bin/../jre/bin/server;G:/jdk1.8/Java/jdk1.8.0_151/bin/../jre/bin;G:/jdk1.8/Java/jdk1.8.0_151/bin/../jre/lib/amd64;"%JAVA_HOME%\bin;";C:\Windows\system32;C:\Windows;C:\Windows\System32\Wbem;C:\Windows\System32\WindowsPowerShell\v1.0\;C:\Program Files (x86)\NVIDIA Corporation\PhysX\Common;C:\WINDOWS\system32;C:\WINDOWS;C:\WINDOWS\System32\Wbem;C:\WINDOWS\System32\WindowsPowerShell\v1.0\;G:\SQL\MySQL\bin;C:\Program Files\MySQL\MySQL Server 5.5\bin;E:\MATLAB\matlab\runtime\win64;E:\MATLAB\matlab\bin;E:\MATLAB\matlab\polyspace\bin;C:\Program Files\Intel\WiFi\bin\;C:\Program Files\Common Files\Intel\WirelessCommon\;C:\WINDOWS\System32\OpenSSH\;G:\Git\cmd;G:\node\;G:\python3.6.5\Scripts\;G:\python3.6.5\;G:\jdk1.8\Java\jdk1.8.0_151\bin;G:\jdk1.8\Java\jdk1.8.0_151\jre\bin;"C:\Users\Maibenben\AppData\Local\Microsoft\WindowsAppsG:\jdk1.8\Java\jdk1.8.0_151\bin;";C:\Program Files\Intel\WiFi\bin\;C:\Program Files\Common Files\Intel\WirelessCommon\;C:\Users\Maibenben\AppData\Local\Microsoft\WindowsApps;G:\SQL\MySQL\bin;G:\java\JAR\Maven\apache-maven-3.5.3\bin;C:\Users\Maibenben\AppData\Roaming\npm;G:\node;C:\Users\Maibenben\AppData\Local\Yarn\Data\global\node_modules\.bin;;D:\sts-bundle\sts-3.9.4.RELEASE;;.]
2018-11-27 18:30:51.410  INFO 15704 --- [restartedMain] o.a.c.c.C.[Tomcat].[localhost].[/]       : Initializing Spring embedded WebApplicationContext
2018-11-27 18:30:51.411  INFO 15704 --- [restartedMain] o.s.web.context.ContextLoader            : Root WebApplicationContext: initialization completed in 12635 ms
2018-11-27 18:30:51.674  INFO 15704 --- [restartedMain] o.s.b.w.servlet.ServletRegistrationBean  : Servlet dispatcherServlet mapped to [/]
2018-11-27 18:30:51.690  INFO 15704 --- [restartedMain] o.s.b.w.servlet.ServletRegistrationBean  : Servlet statViewServlet mapped to [/druid/*]
2018-11-27 18:30:51.716  INFO 15704 --- [restartedMain] o.s.b.w.servlet.FilterRegistrationBean   : Mapping filter: 'characterEncodingFilter' to: [/*]
2018-11-27 18:30:51.719  INFO 15704 --- [restartedMain] o.s.b.w.servlet.FilterRegistrationBean   : Mapping filter: 'hiddenHttpMethodFilter' to: [/*]
2018-11-27 18:30:51.720  INFO 15704 --- [restartedMain] o.s.b.w.servlet.FilterRegistrationBean   : Mapping filter: 'formContentFilter' to: [/*]
2018-11-27 18:30:51.721  INFO 15704 --- [restartedMain] o.s.b.w.servlet.FilterRegistrationBean   : Mapping filter: 'requestContextFilter' to: [/*]
2018-11-27 18:30:51.722  INFO 15704 --- [restartedMain] o.s.b.w.servlet.FilterRegistrationBean   : Mapping filter: 'webStatFilter' to urls: [/*]
2018-11-27 18:30:52.220  INFO 15704 --- [restartedMain] c.a.d.s.b.a.DruidDataSourceAutoConfigure : Init DruidDataSource
2018-11-27 18:30:57.106  INFO 15704 --- [restartedMain] com.alibaba.druid.pool.DruidDataSource   : {dataSource-1} inited
2018-11-27 18:31:00.010  INFO 15704 --- [restartedMain] o.s.s.concurrent.ThreadPoolTaskExecutor  : Initializing ExecutorService 'applicationTaskExecutor'
2018-11-27 18:31:04.688  INFO 15704 --- [restartedMain] o.s.b.d.a.OptionalLiveReloadServer       : LiveReload server is running on port 35729
2018-11-27 18:31:06.647  INFO 15704 --- [restartedMain] o.s.b.w.embedded.tomcat.TomcatWebServer  : Tomcat started on port(s): 8080 (http) with context path ''
2018-11-27 18:31:06.655  INFO 15704 --- [restartedMain] cn.edu.hdu.zhn.medical.AppConfig         : Started AppConfig in 29.571 seconds (JVM running for 31.607)
2018-11-27 19:49:20.120  INFO 15704 --- [http-nio-8080-exec-10] o.a.c.c.C.[Tomcat].[localhost].[/]       : Initializing Spring DispatcherServlet 'dispatcherServlet'
2018-11-27 19:49:20.121  INFO 15704 --- [http-nio-8080-exec-10] o.s.web.servlet.DispatcherServlet        : Initializing Servlet 'dispatcherServlet'
2018-11-27 19:49:20.152  INFO 15704 --- [http-nio-8080-exec-10] o.s.web.servlet.DispatcherServlet        : Completed initialization in 30 ms
